Arguments: 
  C:\Program Files\nodejs\node.exe C:\Users\samue\AppData\Roaming\npm\node_modules\yarn\bin\yarn.js add @babel/preset-typescript -D

PATH: 
  C:\Windows\system32;C:\Windows;C:\Windows\System32\Wbem;C:\Windows\System32\WindowsPowerShell\v1.0\;C:\Windows\System32\OpenSSH\;C:\Program Files\Git\cmd;C:\Program Files\dotnet\;C:\ProgramData\chocolatey\bin;C:\Program Files\nodejs\;C:\Users\samue\AppData\Local\Programs\Python\Python310\Scripts\;C:\Users\samue\AppData\Local\Programs\Python\Python310\;C:\Program Files\JetBrains\PyCharm Community Edition 2021.3.1\bin;;C:\Users\samue\AppData\Local\Programs\Microsoft VS Code\bin;C:\Users\samue\AppData\Roaming\npm

Yarn version: 
  1.22.18

Node version: 
  16.15.0

Platform: 
  win32 x64

Trace: 
  Error: unable to get local issuer certificate
      at TLSSocket.onConnectSecure (node:_tls_wrap:1532:34)
      at TLSSocket.emit (node:events:527:28)
      at TLSSocket._finishInit (node:_tls_wrap:946:8)
      at TLSWrap.ssl.onhandshakedone (node:_tls_wrap:727:12)

npm manifest: 
  {
    "name": "aula1",
    "version": "1.0.0",
    "main": "index.js",
    "license": "MIT",
    "scripts": {
      "dev": "webpack serve",
      "build": "cross-env NODE_ENV=production webpack"
    },
    "dependencies": {
      "react": "^18.1.0",
      "react-dom": "^18.1.0"
    },
    "devDependencies": {
      "@babel/cli": "^7.17.10",
      "@babel/core": "^7.17.10",
      "@babel/preset-env": "^7.17.10",
      "@babel/preset-react": "^7.16.7",
      "@pmmmwh/react-refresh-webpack-plugin": "^0.5.5",
      "babel-loader": "^8.2.5",
      "cross-env": "^7.0.3",
      "css-loader": "^6.7.1",
      "html-webpack-plugin": "^5.5.0",
      "node-sass": "^7.0.1",
      "react-refresh": "^0.13.0",
      "sass-loader": "^12.6.0",
      "style-loader": "^3.3.1",
      "typescript": "^4.6.4",
      "webpack": "^5.72.0",
      "webpack-cli": "^4.9.2",
      "webpack-dev-server": "^4.9.0"
    }
  }

yarn manifest: 
  No manifest

Lockfile: 
  No lockfile
